2024-01-24T10:51:35.659+07:00  INFO 23944 --- [main] c.e.c.CozastorewebApplication            : Starting CozastorewebApplication using Java 17.0.7 with PID 23944 (D:\SpringBoot\cozastoreweb\target\classes started by MinhQuang in D:\SpringBoot\cozastoreweb)
2024-01-24T10:51:35.671+07:00  INFO 23944 --- [main] c.e.c.CozastorewebApplication            : No active profile set, falling back to 1 default profile: "default"
2024-01-24T10:51:39.085+07:00  INFO 23944 --- [main] .s.d.r.c.RepositoryConfigurationDelegate : Multiple Spring Data modules found, entering strict repository configuration mode
2024-01-24T10:51:39.090+07:00  INFO 23944 --- [main] .s.d.r.c.RepositoryConfigurationDelegate : Bootstrapping Spring Data JPA repositories in DEFAULT mode.
2024-01-24T10:51:39.677+07:00  INFO 23944 --- [main] .s.d.r.c.RepositoryConfigurationDelegate : Finished Spring Data repository scanning in 571 ms. Found 6 JPA repository interfaces.
2024-01-24T10:51:39.710+07:00  INFO 23944 --- [main] .s.d.r.c.RepositoryConfigurationDelegate : Multiple Spring Data modules found, entering strict repository configuration mode
2024-01-24T10:51:39.712+07:00  INFO 23944 --- [main] .s.d.r.c.RepositoryConfigurationDelegate : Bootstrapping Spring Data Redis repositories in DEFAULT mode.
2024-01-24T10:51:39.740+07:00  INFO 23944 --- [main] .RepositoryConfigurationExtensionSupport : Spring Data Redis - Could not safely identify store assignment for repository candidate interface com.example.cozastoreweb.repository.CategoryRepositoty; If you want this repository to be a Redis repository, consider annotating your entities with one of these annotations: org.springframework.data.redis.core.RedisHash (preferred), or consider extending one of the following types with your repository: org.springframework.data.keyvalue.repository.KeyValueRepository
2024-01-24T10:51:39.742+07:00  INFO 23944 --- [main] .RepositoryConfigurationExtensionSupport : Spring Data Redis - Could not safely identify store assignment for repository candidate interface com.example.cozastoreweb.repository.ColorRepository; If you want this repository to be a Redis repository, consider annotating your entities with one of these annotations: org.springframework.data.redis.core.RedisHash (preferred), or consider extending one of the following types with your repository: org.springframework.data.keyvalue.repository.KeyValueRepository
2024-01-24T10:51:39.743+07:00  INFO 23944 --- [main] .RepositoryConfigurationExtensionSupport : Spring Data Redis - Could not safely identify store assignment for repository candidate interface com.example.cozastoreweb.repository.LoginRepository; If you want this repository to be a Redis repository, consider annotating your entities with one of these annotations: org.springframework.data.redis.core.RedisHash (preferred), or consider extending one of the following types with your repository: org.springframework.data.keyvalue.repository.KeyValueRepository
2024-01-24T10:51:39.743+07:00  INFO 23944 --- [main] .RepositoryConfigurationExtensionSupport : Spring Data Redis - Could not safely identify store assignment for repository candidate interface com.example.cozastoreweb.repository.ProductDetailRepository; If you want this repository to be a Redis repository, consider annotating your entities with one of these annotations: org.springframework.data.redis.core.RedisHash (preferred), or consider extending one of the following types with your repository: org.springframework.data.keyvalue.repository.KeyValueRepository
2024-01-24T10:51:39.744+07:00  INFO 23944 --- [main] .RepositoryConfigurationExtensionSupport : Spring Data Redis - Could not safely identify store assignment for repository candidate interface com.example.cozastoreweb.repository.ProductRepository; If you want this repository to be a Redis repository, consider annotating your entities with one of these annotations: org.springframework.data.redis.core.RedisHash (preferred), or consider extending one of the following types with your repository: org.springframework.data.keyvalue.repository.KeyValueRepository
2024-01-24T10:51:39.744+07:00  INFO 23944 --- [main] .RepositoryConfigurationExtensionSupport : Spring Data Redis - Could not safely identify store assignment for repository candidate interface com.example.cozastoreweb.repository.SizeRepository; If you want this repository to be a Redis repository, consider annotating your entities with one of these annotations: org.springframework.data.redis.core.RedisHash (preferred), or consider extending one of the following types with your repository: org.springframework.data.keyvalue.repository.KeyValueRepository
2024-01-24T10:51:39.745+07:00  INFO 23944 --- [main] .s.d.r.c.RepositoryConfigurationDelegate : Finished Spring Data repository scanning in 15 ms. Found 0 Redis repository interfaces.
2024-01-24T10:51:42.237+07:00  INFO 23944 --- [main] o.s.b.w.embedded.tomcat.TomcatWebServer  : Tomcat initialized with port(s): 8080 (http)
2024-01-24T10:51:42.250+07:00  INFO 23944 --- [main] o.apache.catalina.core.StandardService   : Starting service [Tomcat]
2024-01-24T10:51:42.251+07:00  INFO 23944 --- [main] o.apache.catalina.core.StandardEngine    : Starting Servlet engine: [Apache Tomcat/10.1.16]
2024-01-24T10:51:42.485+07:00  INFO 23944 --- [main] o.a.c.c.C.[Tomcat].[localhost].[/]       : Initializing Spring embedded WebApplicationContext
2024-01-24T10:51:42.485+07:00  INFO 23944 --- [main] w.s.c.ServletWebServerApplicationContext : Root WebApplicationContext: initialization completed in 6716 ms
2024-01-24T10:51:43.201+07:00  INFO 23944 --- [main] o.hibernate.jpa.internal.util.LogHelper  : HHH000204: Processing PersistenceUnitInfo [name: default]
2024-01-24T10:51:43.370+07:00  INFO 23944 --- [main] org.hibernate.Version                    : HHH000412: Hibernate ORM core version 6.2.13.Final
2024-01-24T10:51:43.376+07:00  INFO 23944 --- [main] org.hibernate.cfg.Environment            : HHH000406: Using bytecode reflection optimizer
2024-01-24T10:51:44.060+07:00  INFO 23944 --- [main] o.s.o.j.p.SpringPersistenceUnitInfo      : No LoadTimeWeaver setup: ignoring JPA class transformer
2024-01-24T10:51:44.103+07:00  INFO 23944 --- [main] com.zaxxer.hikari.HikariDataSource       : HikariPool-1 - Starting...
2024-01-24T10:51:44.932+07:00  INFO 23944 --- [main] com.zaxxer.hikari.pool.HikariPool        : HikariPool-1 - Added connection com.mysql.cj.jdbc.ConnectionImpl@6706da3d
2024-01-24T10:51:44.935+07:00  INFO 23944 --- [main] com.zaxxer.hikari.HikariDataSource       : HikariPool-1 - Start completed.
2024-01-24T10:51:45.067+07:00  WARN 23944 --- [main] org.hibernate.orm.deprecation            : HHH90000025: MySQL8Dialect does not need to be specified explicitly using 'hibernate.dialect' (remove the property setting and it will be selected by default)
2024-01-24T10:51:45.069+07:00  WARN 23944 --- [main] org.hibernate.orm.deprecation            : HHH90000026: MySQL8Dialect has been deprecated; use org.hibernate.dialect.MySQLDialect instead
2024-01-24T10:51:47.509+07:00  INFO 23944 --- [main] o.h.e.t.j.p.i.JtaPlatformInitiator       : HHH000489: No JTA platform available (set 'hibernate.transaction.jta.platform' to enable JTA platform integration)
2024-01-24T10:51:47.519+07:00  INFO 23944 --- [main] j.LocalContainerEntityManagerFactoryBean : Initialized JPA EntityManagerFactory for persistence unit 'default'
2024-01-24T10:51:48.388+07:00  WARN 23944 --- [main] JpaBaseConfiguration$JpaWebConfiguration : spring.jpa.open-in-view is enabled by default. Therefore, database queries may be performed during view rendering. Explicitly configure spring.jpa.open-in-view to disable this warning
2024-01-24T10:51:49.297+07:00  INFO 23944 --- [main] o.s.s.web.DefaultSecurityFilterChain     : Will secure any request with [org.springframework.security.web.session.DisableEncodeUrlFilter@4f3a8e3e, org.springframework.security.web.context.request.async.WebAsyncManagerIntegrationFilter@4824d077, org.springframework.security.web.context.SecurityContextHolderFilter@747b8f5c, org.springframework.security.web.header.HeaderWriterFilter@a8ef0c2, org.springframework.security.web.authentication.logout.LogoutFilter@483f19c0, com.example.cozastoreweb.filter.JwtFilter@7fd4e815, org.springframework.security.web.savedrequest.RequestCacheAwareFilter@23c24c0e, org.springframework.security.web.servletapi.SecurityContextHolderAwareRequestFilter@7ab20a7, org.springframework.security.web.authentication.AnonymousAuthenticationFilter@6ae1d5f1, org.springframework.security.web.session.SessionManagementFilter@7048d039, org.springframework.security.web.access.ExceptionTranslationFilter@7b0a69b9, org.springframework.security.web.access.intercept.AuthorizationFilter@556a5e70]
2024-01-24T10:51:49.889+07:00  WARN 23944 --- [main] ocalVariableTableParameterNameDiscoverer : Using deprecated '-debug' fallback for parameter name resolution. Compile the affected code with '-parameters' instead or avoid its introspection: org.springframework.amqp.rabbit.core.RabbitAdmin
2024-01-24T10:51:49.972+07:00  INFO 23944 --- [main] o.s.b.w.embedded.tomcat.TomcatWebServer  : Tomcat started on port(s): 8080 (http) with context path ''
2024-01-24T10:51:49.986+07:00  INFO 23944 --- [main] c.e.c.CozastorewebApplication            : Started CozastorewebApplication in 15.051 seconds (process running for 16.156)
2024-01-24T10:52:14.389+07:00  INFO 23944 --- [http-nio-8080-exec-1] o.a.c.c.C.[Tomcat].[localhost].[/]       : Initializing Spring DispatcherServlet 'dispatcherServlet'
2024-01-24T10:52:14.390+07:00  INFO 23944 --- [http-nio-8080-exec-1] o.s.web.servlet.DispatcherServlet        : Initializing Servlet 'dispatcherServlet'
2024-01-24T10:52:14.393+07:00  INFO 23944 --- [http-nio-8080-exec-1] o.s.web.servlet.DispatcherServlet        : Completed initialization in 2 ms
2024-01-24T10:52:14.413+07:00  WARN 23944 --- [http-nio-8080-exec-1] o.s.w.s.h.HandlerMappingIntrospector     : Cache miss for REQUEST dispatch to '/product' (previous null). Performing MatchableHandlerMapping lookup. This is logged once only at WARN level, and every time at TRACE.
2024-01-24T10:55:28.023+07:00  INFO 23944 --- [http-nio-8080-exec-7] c.e.c.controller.LoginController         : Username nguyenvana@gmail.com
2024-01-24T10:55:38.453+07:00  INFO 23944 --- [http-nio-8080-exec-2] c.e.c.controller.LoginController         : Username nguyenvana@gmail.com
2024-01-24T10:57:11.723+07:00  INFO 23944 --- [http-nio-8080-exec-2] c.e.c.controller.LoginController         : Username nguyenvana@gmail.com
2024-01-24T10:58:14.786+07:00  INFO 23944 --- [SpringApplicationShutdownHook] j.LocalContainerEntityManagerFactoryBean : Closing JPA EntityManagerFactory for persistence unit 'default'
2024-01-24T10:58:14.815+07:00  INFO 23944 --- [SpringApplicationShutdownHook] com.zaxxer.hikari.HikariDataSource       : HikariPool-1 - Shutdown initiated...
2024-01-24T10:58:14.898+07:00  INFO 23944 --- [SpringApplicationShutdownHook] com.zaxxer.hikari.HikariDataSource       : HikariPool-1 - Shutdown completed.
